#
# A fatal error has been detected by the Java Runtime Environment:
#
#  EXCEPTION_ACCESS_VIOLATION (0xc0000005) at pc=0x0000000052622826, pid=772, tid=0x0000000000002ae0
#
# JRE version: Java(TM) SE Runtime Environment (8.0_102-b14) (build 1.8.0_102-b14)
# Java VM: Java HotSpot(TM) 64-Bit Server VM (25.102-b14 mixed mode windows-amd64 compressed oops)
# Problematic frame:
# V  [jvm.dll+0x402826]
#
# Failed to write core dump. Minidumps are not enabled by default on client versions of Windows
#
# If you would like to submit a bug report, please visit:
#   http://bugreport.java.com/bugreport/crash.jsp
#

---------------  T H R E A D  ---------------

Current thread (0x0000000002e9d000):  GCTaskThread [stack: 0x0000000012790000,0x0000000012890000] [id=10976]

siginfo: ExceptionCode=0xc0000005, reading address 0x00000148002e48e8

Registers:
RAX=0x0000000052873af8, RBX=0x00000148002e4828, RCX=0x000000001288f340, RDX=0x00000148002e4828
RSP=0x000000001288f290, RBP=0x0000000000000000, RSI=0x000000001288f340, RDI=0x0000000017c74fd0
R8 =0x00000001002ecc28, R9 =0x0000000052873778, R10=0x000000001288ed10, R11=0x00000000528738b0
R12=0x000000001288f310, R13=0x0000000002e939f0, R14=0x0000000002e9d2a0, R15=0x0000000002e9d2b0
RIP=0x0000000052622826, EFLAGS=0x0000000000010206

Top of Stack: (sp=0x000000001288f290)
0x000000001288f290:   00000000155151c0 00000000524368cc
0x000000001288f2a0:   0000000000000000 0000000000000000
0x000000001288f2b0:   00000148002e4828 0000000052282bcc
0x000000001288f2c0:   0000000000000000 000000001288f340
0x000000001288f2d0:   0000000019d823f0 0000000000000000
0x000000001288f2e0:   0000000052873790 0000000052622a53
0x000000001288f2f0:   0000000016bbed90 000000001288f370
0x000000001288f300:   0000000000000000 00000000155151c0
0x000000001288f310:   00000000528738b0 0000000052622b00
0x000000001288f320:   00000000155151c0 0000000052873b08
0x000000001288f330:   0000000002e9d000 00000000155151c0
0x000000001288f340:   0000000052873af8 0000000002e9d200
0x000000001288f350:   0000000052873a40 0000000052610e00
0x000000001288f360:   00000000155151c0 0000000000000000
0x000000001288f370:   0000000016bbed90 0000000002e9d000
0x000000001288f380:   0000000000000000 0000000052611bce 

Instructions: (pc=0x0000000052622826)
0x0000000052622806:   0d 55 12 25 00 ba 83 00 00 00 e8 cb 28 e7 ff 48
0x0000000052622816:   83 c4 28 e9 b2 32 e9 ff cc cc 40 53 48 83 ec 20
0x0000000052622826:   80 ba c0 00 00 00 01 4c 8b c2 48 8b d9 75 23 c6
0x0000000052622836:   82 c0 00 00 00 00 48 89 51 28 48 8b 02 48 8d 51 


Register to memory mapping:

RAX=0x0000000052873af8 is an unknown value
RBX=0x00000148002e4828 is an unknown value
RCX=0x000000001288f340 is an unknown value
RDX=0x00000148002e4828 is an unknown value
RSP=0x000000001288f290 is an unknown value
RBP=0x0000000000000000 is an unknown value
RSI=0x000000001288f340 is an unknown value
RDI=0x0000000017c74fd0 is an unknown value
R8 =0x00000001002ecc28 is pointing into metadata
R9 =0x0000000052873778 is an unknown value
R10=0x000000001288ed10 is an unknown value
R11=0x00000000528738b0 is an unknown value
R12=0x000000001288f310 is an unknown value
R13=0x0000000002e939f0 is an unknown value
R14=0x0000000002e9d2a0 is an unknown value
R15=0x0000000002e9d2b0 is an unknown value


Stack: [0x0000000012790000,0x0000000012890000],  sp=0x000000001288f290,  free space=1020k
Native frames: (J=compiled Java code, j=interpreted, Vv=VM code, C=native code)


---------------  P R O C E S S  ---------------

Java Threads: ( => current thread )
  0x0000000019dcf800 JavaThread "http-nio-8088-Acceptor" daemon [_thread_in_native, id=14492, stack(0x000000004a3b0000,0x000000004a4b0000)]
  0x0000000019dd1000 JavaThread "http-nio-8088-ClientPoller" daemon [_thread_in_native, id=17944, stack(0x000000004a2b0000,0x000000004a3b0000)]
  0x000000001bccc000 JavaThread "http-nio-8088-exec-10" daemon [_thread_blocked, id=12188, stack(0x000000004a1b0000,0x000000004a2b0000)]
  0x000000001bcd3000 JavaThread "http-nio-8088-exec-9" daemon [_thread_blocked, id=9184, stack(0x000000004a0b0000,0x000000004a1b0000)]
  0x000000001bcd2000 JavaThread "http-nio-8088-exec-8" daemon [_thread_blocked, id=3108, stack(0x0000000049fb0000,0x000000004a0b0000)]
  0x000000001bcca800 JavaThread "http-nio-8088-exec-7" daemon [_thread_blocked, id=1632, stack(0x0000000049eb0000,0x0000000049fb0000)]
  0x000000001bcd1800 JavaThread "http-nio-8088-exec-6" daemon [_thread_blocked, id=15696, stack(0x0000000049db0000,0x0000000049eb0000)]
  0x000000001bcd0800 JavaThread "http-nio-8088-exec-5" daemon [_thread_blocked, id=17848, stack(0x0000000049cb0000,0x0000000049db0000)]
  0x000000001bcd0000 JavaThread "http-nio-8088-exec-4" daemon [_thread_blocked, id=17416, stack(0x0000000049bb0000,0x0000000049cb0000)]
  0x000000001bcc8800 JavaThread "http-nio-8088-exec-3" daemon [_thread_blocked, id=1980, stack(0x0000000049ab0000,0x0000000049bb0000)]
  0x000000001bccd800 JavaThread "http-nio-8088-exec-2" daemon [_thread_blocked, id=8344, stack(0x00000000499b0000,0x0000000049ab0000)]
  0x000000001bccd000 JavaThread "http-nio-8088-exec-1" daemon [_thread_blocked, id=12868, stack(0x00000000498b0000,0x00000000499b0000)]
  0x000000001bccf000 JavaThread "http-nio-8088-BlockPoller" daemon [_thread_in_native, id=17056, stack(0x00000000497b0000,0x00000000498b0000)]
  0x000000001bcca000 JavaThread "File Watcher" daemon [_thread_blocked, id=1060, stack(0x00000000496b0000,0x00000000497b0000)]
  0x000000001bcce800 JavaThread "container-11" [_thread_blocked, id=8372, stack(0x00000000495b0000,0x00000000496b0000)]
  0x000000001bcc4000 JavaThread "Catalina-utility-2" [_thread_blocked, id=18068, stack(0x00000000494b0000,0x00000000495b0000)]
  0x000000001bcc9000 JavaThread "Catalina-utility-1" [_thread_blocked, id=16288, stack(0x00000000493b0000,0x00000000494b0000)]
  0x000000001bcc7800 JavaThread "File Watcher" daemon [_thread_blocked, id=14444, stack(0x00000000463b0000,0x00000000464b0000)]
  0x000000001bcc7000 JavaThread "File Watcher" daemon [_thread_blocked, id=13388, stack(0x0000000045db0000,0x0000000045eb0000)]
  0x000000001bcc5800 JavaThread "File Watcher" daemon [_thread_blocked, id=15072, stack(0x00000000457b0000,0x00000000458b0000)]
  0x0000000019dd2800 JavaThread "File Watcher" daemon [_thread_blocked, id=4260, stack(0x00000000392b0000,0x00000000393b0000)]
  0x0000000019dcc800 JavaThread "File Watcher" daemon [_thread_blocked, id=7036, stack(0x0000000024fb0000,0x00000000250b0000)]
  0x0000000019dc9800 JavaThread "File Watcher" daemon [_thread_blocked, id=5952, stack(0x00000000249b0000,0x0000000024ab0000)]
  0x0000000019dce800 JavaThread "File Watcher" daemon [_thread_blocked, id=2832, stack(0x00000000243b0000,0x00000000244b0000)]
  0x0000000019dce000 JavaThread "File Watcher" daemon [_thread_blocked, id=12856, stack(0x0000000023db0000,0x0000000023eb0000)]
  0x0000000019dd0000 JavaThread "File Watcher" daemon [_thread_blocked, id=2112, stack(0x0000000020db0000,0x0000000020eb0000)]
  0x0000000019dcb800 JavaThread "File Watcher" daemon [_thread_blocked, id=10796, stack(0x00000000207b0000,0x00000000208b0000)]
  0x0000000019dcb000 JavaThread "File Watcher" daemon [_thread_blocked, id=2892, stack(0x00000000201b0000,0x00000000202b0000)]
  0x0000000019dd1800 JavaThread "DestroyJavaVM" [_thread_blocked, id=5236, stack(0x0000000002920000,0x0000000002a20000)]
  0x0000000017dfc800 JavaThread "Live Reload Server" daemon [_thread_in_native, id=8236, stack(0x000000001b8b0000,0x000000001b9b0000)]
  0x0000000017e01000 JavaThread "mysql-cj-abandoned-connection-cleanup" daemon [_thread_blocked, id=9336, stack(0x000000001b3b0000,0x000000001b4b0000)]
  0x0000000017a0b000 JavaThread "RMI Scheduler(0)" daemon [_thread_blocked, id=9248, stack(0x00000000186e0000,0x00000000187e0000)]
  0x0000000017750800 JavaThread "RMI TCP Accept-0" daemon [_thread_in_native, id=9728, stack(0x0000000018030000,0x0000000018130000)]
  0x0000000017741000 JavaThread "RMI TCP Accept-51747" daemon [_thread_in_native, id=15580, stack(0x0000000017f30000,0x0000000018030000)]
  0x000000001773a800 JavaThread "RMI TCP Accept-0" daemon [_thread_in_native, id=12484, stack(0x0000000017e30000,0x0000000017f30000)]
  0x0000000016c90800 JavaThread "Service Thread" daemon [_thread_blocked, id=8548, stack(0x0000000017510000,0x0000000017610000)]
  0x0000000016bfd000 JavaThread "C1 CompilerThread2" daemon [_thread_blocked, id=4012, stack(0x0000000017410000,0x0000000017510000)]
  0x0000000016bfa000 JavaThread "C2 CompilerThread1" daemon [_thread_blocked, id=5172, stack(0x0000000017310000,0x0000000017410000)]
  0x0000000016bf9000 JavaThread "C2 CompilerThread0" daemon [_thread_blocked, id=6840, stack(0x0000000017210000,0x0000000017310000)]
  0x000000001558a000 JavaThread "JDWP Event Helper Thread" daemon [_thread_blocked, id=4352, stack(0x0000000017010000,0x0000000017110000)]
  0x0000000016952800 JavaThread "Attach Listener" daemon [_thread_blocked, id=3888, stack(0x0000000016e10000,0x0000000016f10000)]
  0x0000000015563000 JavaThread "Signal Dispatcher" daemon [_thread_blocked, id=6728, stack(0x0000000016d10000,0x0000000016e10000)]
  0x000000001553f000 JavaThread "Finalizer" daemon [_thread_blocked, id=4948, stack(0x00000000167b0000,0x00000000168b0000)]
  0x0000000002f75000 JavaThread "Reference Handler" daemon [_thread_blocked, id=4292, stack(0x00000000166b0000,0x00000000167b0000)]

Other Threads:
  0x0000000015517800 VMThread [stack: 0x00000000165b0000,0x00000000166b0000] [id=11808]
  0x000000001775d000 WatcherThread [stack: 0x0000000018130000,0x0000000018230000] [id=3232]

=>0x0000000002e9d000 (exited) GCTaskThread [stack: 0x0000000012790000,0x0000000012890000] [id=10976]

VM state:at safepoint (normal execution)

VM Mutex/Monitor currently owned by a thread:  ([mutex/lock_event])
[0x0000000002e836b0] Threads_lock - owner thread: 0x0000000015517800
[0x0000000002e84fc0] Heap_lock - owner thread: 0x0000000019dd2800

Heap:
 PSYoungGen      total 32768K, used 32384K [0x00000000eb400000, 0x00000000ed680000, 0x0000000100000000)
  eden space 32256K, 100% used [0x00000000eb400000,0x00000000ed380000,0x00000000ed380000)
  from space 512K, 25% used [0x00000000ed600000,0x00000000ed620000,0x00000000ed680000)
  to   space 1536K, 6% used [0x00000000ed380000,0x00000000ed398000,0x00000000ed500000)
 ParOldGen       total 51712K, used 19542K [0x00000000c1c00000, 0x00000000c4e80000, 0x00000000eb400000)
  object space 51712K, 37% used [0x00000000c1c00000,0x00000000c2f15868,0x00000000c4e80000)
 Metaspace       used 46541K, capacity 50774K, committed 51200K, reserved 1093632K
  class space    used 6235K, capacity 7272K, committed 7424K, reserved 1048576K

Card table byte_map: [0x0000000012340000,0x0000000012540000] byte_map_base: 0x0000000011d32000

Marking Bits: (ParMarkBitMap*) 0x0000000052a3a6c0
 Begin Bits: [0x0000000012a90000, 0x0000000013a20000)
 End Bits:   [0x0000000013a20000, 0x00000000149b0000)

Polling page: 0x0000000000bc0000

CodeCache: size=245760Kb used=18502Kb max_used=18502Kb free=227257Kb
 bounds [0x0000000002f80000, 0x00000000041a0000, 0x0000000011f80000]
 total_blobs=9831 nmethods=9299 adapters=451
 compilation: enabled

Compilation events (10 events):
Event: 16078.932 Thread 0x0000000016bfd000 9417       1       org.apache.catalina.core.ContainerBase$ContainerBackgroundProcessorMonitor::run (21 bytes)
Event: 16078.979 Thread 0x0000000016bfd000 nmethod 9417 0x0000000004192f10 code [0x0000000004193080, 0x00000000041931e8]
Event: 16079.204 Thread 0x0000000016bfd000 9418       1       org.apache.catalina.core.StandardServer$1::run (8 bytes)
Event: 16079.208 Thread 0x0000000016bfd000 nmethod 9418 0x0000000004193310 code [0x0000000004193460, 0x00000000041935a8]
Event: 16143.716 Thread 0x0000000016bfd000 9420       1       org.apache.catalina.session.ManagerBase::findSessions (22 bytes)
Event: 16143.747 Thread 0x0000000016bfd000 nmethod 9420 0x0000000004193650 code [0x00000000041937c0, 0x00000000041939f8]
Event: 16739.596 Thread 0x0000000016bfd000 9421       1       org.apache.coyote.AbstractProtocol$1::run (18 bytes)
Event: 16739.623 Thread 0x0000000016bfd000 nmethod 9421 0x0000000004193ad0 code [0x0000000004193c40, 0x0000000004193da8]
Event: 16739.891 Thread 0x0000000016bfd000 9422   !   1       org.apache.coyote.AbstractProtocol::startAsyncTimeout (104 bytes)
Event: 16739.947 Thread 0x0000000016bfd000 nmethod 9422 0x0000000004193ed0 code [0x00000000041940a0, 0x0000000004194588]

GC Heap History (10 events):
Event: 17778.062 GC heap after
Heap after GC invocations=130 (full 30):
 PSYoungGen      total 35840K, used 128K [0x00000000eb400000, 0x00000000ed980000, 0x0000000100000000)
  eden space 34304K, 0% used [0x00000000eb400000,0x00000000eb400000,0x00000000ed580000)
  from space 1536K, 8% used [0x00000000ed800000,0x00000000ed820000,0x00000000ed980000)
  to   space 2048K, 0% used [0x00000000ed580000,0x00000000ed580000,0x00000000ed780000)
 ParOldGen       total 51712K, used 19534K [0x00000000c1c00000, 0x00000000c4e80000, 0x00000000eb400000)
  object space 51712K, 37% used [0x00000000c1c00000,0x00000000c2f13868,0x00000000c4e80000)
 Metaspace       used 46541K, capacity 50774K, committed 51200K, reserved 1093632K
  class space    used 6235K, capacity 7272K, committed 7424K, reserved 1048576K
}
Event: 17870.210 GC heap before
{Heap before GC invocations=131 (full 30):
 PSYoungGen      total 35840K, used 34432K [0x00000000eb400000, 0x00000000ed980000, 0x0000000100000000)
  eden space 34304K, 100% used [0x00000000eb400000,0x00000000ed580000,0x00000000ed580000)
  from space 1536K, 8% used [0x00000000ed800000,0x00000000ed820000,0x00000000ed980000)
  to   space 2048K, 0% used [0x00000000ed580000,0x00000000ed580000,0x00000000ed780000)
 ParOldGen       total 51712K, used 19534K [0x00000000c1c00000, 0x00000000c4e80000, 0x00000000eb400000)
  object space 51712K, 37% used [0x00000000c1c00000,0x00000000c2f13868,0x00000000c4e80000)
 Metaspace       used 46541K, capacity 50774K, committed 51200K, reserved 1093632K
  class space    used 6235K, capacity 7272K, committed 7424K, reserved 1048576K
Event: 17870.217 GC heap after
Heap after GC invocations=131 (full 30):
 PSYoungGen      total 34304K, used 128K [0x00000000eb400000, 0x00000000ed900000, 0x0000000100000000)
  eden space 33792K, 0% used [0x00000000eb400000,0x00000000eb400000,0x00000000ed500000)
  from space 512K, 25% used [0x00000000ed580000,0x00000000ed5a0000,0x00000000ed600000)
  to   space 2048K, 0% used [0x00000000ed700000,0x00000000ed700000,0x00000000ed900000)
 ParOldGen       total 51712K, used 19534K [0x00000000c1c00000, 0x00000000c4e80000, 0x00000000eb400000)
  object space 51712K, 37% used [0x00000000c1c00000,0x00000000c2f13868,0x00000000c4e80000)
 Metaspace       used 46541K, capacity 50774K, committed 51200K, reserved 1093632K
  class space    used 6235K, capacity 7272K, committed 7424K, reserved 1048576K
}
Event: 17960.844 GC heap before
{Heap before GC invocations=132 (full 30):
 PSYoungGen      total 34304K, used 33920K [0x00000000eb400000, 0x00000000ed900000, 0x0000000100000000)
  eden space 33792K, 100% used [0x00000000eb400000,0x00000000ed500000,0x00000000ed500000)
  from space 512K, 25% used [0x00000000ed580000,0x00000000ed5a0000,0x00000000ed600000)
  to   space 2048K, 0% used [0x00000000ed700000,0x00000000ed700000,0x00000000ed900000)
 ParOldGen       total 51712K, used 19534K [0x00000000c1c00000, 0x00000000c4e80000, 0x00000000eb400000)
  object space 51712K, 37% used [0x00000000c1c00000,0x00000000c2f13868,0x00000000c4e80000)
 Metaspace       used 46541K, capacity 50774K, committed 51200K, reserved 1093632K
  class space    used 6235K, capacity 7272K, committed 7424K, reserved 1048576K
Event: 17960.848 GC heap after
Heap after GC invocations=132 (full 30):
 PSYoungGen      total 34816K, used 128K [0x00000000eb400000, 0x00000000ed880000, 0x0000000100000000)
  eden space 33280K, 0% used [0x00000000eb400000,0x00000000eb400000,0x00000000ed480000)
  from space 1536K, 8% used [0x00000000ed700000,0x00000000ed720000,0x00000000ed880000)
  to   space 2048K, 0% used [0x00000000ed480000,0x00000000ed480000,0x00000000ed680000)
 ParOldGen       total 51712K, used 19534K [0x00000000c1c00000, 0x00000000c4e80000, 0x00000000eb400000)
  object space 51712K, 37% used [0x00000000c1c00000,0x00000000c2f13868,0x00000000c4e80000)
 Metaspace       used 46541K, capacity 50774K, committed 51200K, reserved 1093632K
  class space    used 6235K, capacity 7272K, committed 7424K, reserved 1048576K
}
Event: 18049.930 GC heap before
{Heap before GC invocations=133 (full 30):
 PSYoungGen      total 34816K, used 33408K [0x00000000eb400000, 0x00000000ed880000, 0x0000000100000000)
  eden space 33280K, 100% used [0x00000000eb400000,0x00000000ed480000,0x00000000ed480000)
  from space 1536K, 8% used [0x00000000ed700000,0x00000000ed720000,0x00000000ed880000)
  to   space 2048K, 0% used [0x00000000ed480000,0x00000000ed480000,0x00000000ed680000)
 ParOldGen       total 51712K, used 19534K [0x00000000c1c00000, 0x00000000c4e80000, 0x00000000eb400000)
  object space 51712K, 37% used [0x00000000c1c00000,0x00000000c2f13868,0x00000000c4e80000)
 Metaspace       used 46541K, capacity 50774K, committed 51200K, reserved 1093632K
  class space    used 6235K, capacity 7272K, committed 7424K, reserved 1048576K
Event: 18049.939 GC heap after
Heap after GC invocations=133 (full 30):
 PSYoungGen      total 33280K, used 64K [0x00000000eb400000, 0x00000000ed780000, 0x0000000100000000)
  eden space 32768K, 0% used [0x00000000eb400000,0x00000000eb400000,0x00000000ed400000)
  from space 512K, 12% used [0x00000000ed480000,0x00000000ed490000,0x00000000ed500000)
  to   space 1536K, 0% used [0x00000000ed600000,0x00000000ed600000,0x00000000ed780000)
 ParOldGen       total 51712K, used 19534K [0x00000000c1c00000, 0x00000000c4e80000, 0x00000000eb400000)
  object space 51712K, 37% used [0x00000000c1c00000,0x00000000c2f13868,0x00000000c4e80000)
 Metaspace       used 46541K, capacity 50774K, committed 51200K, reserved 1093632K
  class space    used 6235K, capacity 7272K, committed 7424K, reserved 1048576K
}
Event: 18137.989 GC heap before
{Heap before GC invocations=134 (full 30):
 PSYoungGen      total 33280K, used 32832K [0x00000000eb400000, 0x00000000ed780000, 0x0000000100000000)
  eden space 32768K, 100% used [0x00000000eb400000,0x00000000ed400000,0x00000000ed400000)
  from space 512K, 12% used [0x00000000ed480000,0x00000000ed490000,0x00000000ed500000)
  to   space 1536K, 0% used [0x00000000ed600000,0x00000000ed600000,0x00000000ed780000)
 ParOldGen       total 51712K, used 19534K [0x00000000c1c00000, 0x00000000c4e80000, 0x00000000eb400000)
  object space 51712K, 37% used [0x00000000c1c00000,0x00000000c2f13868,0x00000000c4e80000)
 Metaspace       used 46541K, capacity 50774K, committed 51200K, reserved 1093632K
  class space    used 6235K, capacity 7272K, committed 7424K, reserved 1048576K
Event: 18137.995 GC heap after
Heap after GC invocations=134 (full 30):
 PSYoungGen      total 32768K, used 128K [0x00000000eb400000, 0x00000000ed680000, 0x0000000100000000)
  eden space 32256K, 0% used [0x00000000eb400000,0x00000000eb400000,0x00000000ed380000)
  from space 512K, 25% used [0x00000000ed600000,0x00000000ed620000,0x00000000ed680000)
  to   space 1536K, 0% used [0x00000000ed380000,0x00000000ed380000,0x00000000ed500000)
 ParOldGen       total 51712K, used 19534K [0x00000000c1c00000, 0x00000000c4e80000, 0x00000000eb400000)
  object space 51712K, 37% used [0x00000000c1c00000,0x00000000c2f13868,0x00000000c4e80000)
 Metaspace       used 46541K, capacity 50774K, committed 51200K, reserved 1093632K
  class space    used 6235K, capacity 7272K, committed 7424K, reserved 1048576K
}
Event: 18224.779 GC heap before
{Heap before GC invocations=135 (full 30):
 PSYoungGen      total 32768K, used 32384K [0x00000000eb400000, 0x00000000ed680000, 0x0000000100000000)
  eden space 32256K, 100% used [0x00000000eb400000,0x00000000ed380000,0x00000000ed380000)
  from space 512K, 25% used [0x00000000ed600000,0x00000000ed620000,0x00000000ed680000)
  to   space 1536K, 0% used [0x00000000ed380000,0x00000000ed380000,0x00000000ed500000)
 ParOldGen       total 51712K, used 19534K [0x00000000c1c00000, 0x00000000c4e80000, 0x00000000eb400000)
  object space 51712K, 37% used [0x00000000c1c00000,0x00000000c2f13868,0x00000000c4e80000)
 Metaspace       used 46541K, capacity 50774K, committed 51200K, reserved 1093632K
  class space    used 6235K, capacity 7272K, committed 7424K, reserved 1048576K

Deoptimization events (0 events):
No events

Internal exceptions (10 events):
Event: 15089.235 Thread 0x000000001bccd000 Exception <a 'java/lang/ClassNotFoundException': org/wzxy/breeze/model/po/usersCustomizer> (0x00000000ebe24d68) thrown at [C:\re\workspace\8-2-build-windows-amd64-cygwin\jdk8u102\7268\hotspot\src\share\vm\classfile\systemDictionary.cpp, line 210]
Event: 15089.418 Thread 0x000000001bccd000 Exception <a 'java/io/IOException'> (0x00000000ebe89c68) thrown at [C:\re\workspace\8-2-build-windows-amd64-cygwin\jdk8u102\7268\hotspot\src\share\vm\prims\jni.cpp, line 709]
Event: 15089.418 Thread 0x000000001bccd000 Exception <a 'java/io/IOException'> (0x00000000ebe8a2c8) thrown at [C:\re\workspace\8-2-build-windows-amd64-cygwin\jdk8u102\7268\hotspot\src\share\vm\prims\jni.cpp, line 709]
Event: 15090.543 Thread 0x000000001bccd000 Exception <a 'java/net/ConnectException': Connection refused: connect> (0x00000000ebe928d8) thrown at [C:\re\workspace\8-2-build-windows-amd64-cygwin\jdk8u102\7268\hotspot\src\share\vm\prims\jni.cpp, line 735]
Event: 15091.549 Thread 0x000000001bccd000 Exception <a 'java/net/ConnectException': Connection refused: connect> (0x00000000ebe93920) thrown at [C:\re\workspace\8-2-build-windows-amd64-cygwin\jdk8u102\7268\hotspot\src\share\vm\prims\jni.cpp, line 735]
Event: 15092.615 Thread 0x000000001bccd000 Exception <a 'java/io/IOException'> (0x00000000ec098540) thrown at [C:\re\workspace\8-2-build-windows-amd64-cygwin\jdk8u102\7268\hotspot\src\share\vm\prims\jni.cpp, line 709]
Event: 15092.615 Thread 0x000000001bccd000 Exception <a 'java/io/IOException'> (0x00000000ec098d88) thrown at [C:\re\workspace\8-2-build-windows-amd64-cygwin\jdk8u102\7268\hotspot\src\share\vm\prims\jni.cpp, line 709]
Event: 15092.622 Thread 0x000000001bccd000 Exception <a 'java/lang/reflect/InvocationTargetException'> (0x00000000ec0f8120) thrown at [C:\re\workspace\8-2-build-windows-amd64-cygwin\jdk8u102\7268\hotspot\src\share\vm\runtime\reflection.cpp, line 1092]
Event: 15092.631 Thread 0x000000001bccd000 Exception <a 'java/io/IOException'> (0x00000000ec177c68) thrown at [C:\re\workspace\8-2-build-windows-amd64-cygwin\jdk8u102\7268\hotspot\src\share\vm\prims\jni.cpp, line 709]
Event: 15092.631 Thread 0x000000001bccd000 Exception <a 'java/io/IOException'> (0x00000000ec1780e0) thrown at [C:\re\workspace\8-2-build-windows-amd64-cygwin\jdk8u102\7268\hotspot\src\share\vm\prims\jni.cpp, line 709]

Events (10 events):
Event: 17778.064 Executing VM operation: ParallelGCFailedAllocation done
Event: 17870.209 Executing VM operation: ParallelGCFailedAllocation
Event: 17870.217 Executing VM operation: ParallelGCFailedAllocation done
Event: 17960.843 Executing VM operation: ParallelGCFailedAllocation
Event: 17960.848 Executing VM operation: ParallelGCFailedAllocation done
Event: 18049.927 Executing VM operation: ParallelGCFailedAllocation
Event: 18049.939 Executing VM operation: ParallelGCFailedAllocation done
Event: 18137.986 Executing VM operation: ParallelGCFailedAllocation
Event: 18137.995 Executing VM operation: ParallelGCFailedAllocation done
Event: 18224.776 Executing VM operation: ParallelGCFailedAllocation


Dynamic libraries:
0x00007ff68f1a0000 - 0x00007ff68f1d7000 	C:\Program Files\Java\jdk1.8.0_102\bin\java.exe
0x00007ffcc1d20000 - 0x00007ffcc1f0d000 	C:\WINDOWS\SYSTEM32\ntdll.dll
0x00007ffcc15f0000 - 0x00007ffcc16a3000 	C:\WINDOWS\System32\KERNEL32.DLL
0x00007ffcbe9b0000 - 0x00007ffcbec43000 	C:\WINDOWS\System32\KERNELBASE.dll
0x00007ffcbef50000 - 0x00007ffcbeff3000 	C:\WINDOWS\System32\ADVAPI32.dll
0x00007ffcbf110000 - 0x00007ffcbf1ae000 	C:\WINDOWS\System32\msvcrt.dll
0x00007ffcc1080000 - 0x00007ffcc111e000 	C:\WINDOWS\System32\sechost.dll
0x00007ffcc0e80000 - 0x00007ffcc0fa2000 	C:\WINDOWS\System32\RPCRT4.dll
0x00007ffcc1450000 - 0x00007ffcc15e7000 	C:\WINDOWS\System32\USER32.dll
0x00007ffcbec50000 - 0x00007ffcbec70000 	C:\WINDOWS\System32\win32u.dll
0x00007ffcbf0e0000 - 0x00007ffcbf109000 	C:\WINDOWS\System32\GDI32.dll
0x00007ffcbe7c0000 - 0x00007ffcbe95a000 	C:\WINDOWS\System32\gdi32full.dll
0x00007ffcbe6c0000 - 0x00007ffcbe760000 	C:\WINDOWS\System32\msvcp_win.dll
0x00007ffcbde70000 - 0x00007ffcbdf6a000 	C:\WINDOWS\System32\ucrtbase.dll
0x00007ffcac6a0000 - 0x00007ffcac919000 	C:\WINDOWS\WinSxS\amd64_microsoft.windows.common-controls_6595b64144ccf1df_6.0.17763.379_none_05b83be8071c94a1\COMCTL32.dll
0x00007ffcc1120000 - 0x00007ffcc144d000 	C:\WINDOWS\System32\combase.dll
0x00007ffcbddf0000 - 0x00007ffcbde6e000 	C:\WINDOWS\System32\bcryptPrimitives.dll
0x00007ffcc1b90000 - 0x00007ffcc1bbe000 	C:\WINDOWS\System32\IMM32.DLL
0x0000000052ac0000 - 0x0000000052b91000 	C:\Program Files\Java\jdk1.8.0_102\jre\bin\msvcr100.dll
0x0000000052220000 - 0x0000000052aba000 	C:\Program Files\Java\jdk1.8.0_102\jre\bin\server\jvm.dll
0x00007ffcbf6b0000 - 0x00007ffcbf6b8000 	C:\WINDOWS\System32\PSAPI.DLL
0x00007ffcb8770000 - 0x00007ffcb8779000 	C:\WINDOWS\SYSTEM32\WSOCK32.dll
0x00007ffcc0fb0000 - 0x00007ffcc101d000 	C:\WINDOWS\System32\WS2_32.dll
0x00007ffcba990000 - 0x00007ffcba9b4000 	C:\WINDOWS\SYSTEM32\WINMM.dll
0x00007ffcb15e0000 - 0x00007ffcb15ea000 	C:\WINDOWS\SYSTEM32\VERSION.dll
0x00007ffcba950000 - 0x00007ffcba97d000 	C:\WINDOWS\SYSTEM32\WINMMBASE.dll
0x00007ffcbe960000 - 0x00007ffcbe9aa000 	C:\WINDOWS\System32\cfgmgr32.dll
0x0000000052bf0000 - 0x0000000052bff000 	C:\Program Files\Java\jdk1.8.0_102\jre\bin\verify.dll
0x0000000052bc0000 - 0x0000000052be9000 	C:\Program Files\Java\jdk1.8.0_102\jre\bin\java.dll
0x00000000534b0000 - 0x00000000534e5000 	C:\Program Files\Java\jdk1.8.0_102\jre\bin\jdwp.dll
0x00000000534a0000 - 0x00000000534a8000 	C:\Program Files\Java\jdk1.8.0_102\jre\bin\npt.dll
0x0000000053470000 - 0x0000000053493000 	C:\Program Files\Java\jdk1.8.0_102\jre\bin\instrument.dll
0x0000000052200000 - 0x0000000052216000 	C:\Program Files\Java\jdk1.8.0_102\jre\bin\zip.dll
0x00007ffcbf910000 - 0x00007ffcc0e00000 	C:\WINDOWS\System32\SHELL32.dll
0x00007ffcbf840000 - 0x00007ffcbf8e8000 	C:\WINDOWS\System32\shcore.dll
0x00007ffcbdf70000 - 0x00007ffcbe6ba000 	C:\WINDOWS\System32\windows.storage.dll
0x00007ffcbddc0000 - 0x00007ffcbdde4000 	C:\WINDOWS\System32\profapi.dll
0x00007ffcbdd40000 - 0x00007ffcbdd9d000 	C:\WINDOWS\System32\powrprof.dll
0x00007ffcc1020000 - 0x00007ffcc1072000 	C:\WINDOWS\System32\shlwapi.dll
0x00007ffcbdd20000 - 0x00007ffcbdd31000 	C:\WINDOWS\System32\kernel.appcore.dll
0x00007ffcbef30000 - 0x00007ffcbef47000 	C:\WINDOWS\System32\cryptsp.dll
0x0000000053460000 - 0x000000005346b000 	C:\Program Files\Java\jdk1.8.0_102\jre\bin\dt_shmem.dll
0x0000000053450000 - 0x000000005345d000 	C:\Program Files\Java\jdk1.8.0_102\jre\bin\management.dll
0x00000000521e0000 - 0x00000000521fa000 	C:\Program Files\Java\jdk1.8.0_102\jre\bin\net.dll
0x00007ffcbd5a0000 - 0x00007ffcbd607000 	C:\WINDOWS\system32\mswsock.dll
0x00000000521c0000 - 0x00000000521d1000 	C:\Program Files\Java\jdk1.8.0_102\jre\bin\nio.dll
0x00007ffc898b0000 - 0x00007ffc898c6000 	C:\WINDOWS\system32\napinsp.dll
0x00007ffc89890000 - 0x00007ffc898aa000 	C:\WINDOWS\system32\pnrpnsp.dll
0x00007ffcbd340000 - 0x00007ffcbd406000 	C:\WINDOWS\SYSTEM32\DNSAPI.dll
0x00007ffcbf900000 - 0x00007ffcbf908000 	C:\WINDOWS\System32\NSI.dll
0x00007ffcbd300000 - 0x00007ffcbd33d000 	C:\WINDOWS\SYSTEM32\IPHLPAPI.DLL
0x00007ffca80d0000 - 0x00007ffca80de000 	C:\WINDOWS\System32\winrnr.dll
0x00007ffcbaa90000 - 0x00007ffcbaaab000 	C:\WINDOWS\system32\NLAapi.dll
0x00007ffcb6e00000 - 0x00007ffcb6e15000 	C:\WINDOWS\system32\wshbth.dll
0x00007ffcac250000 - 0x00007ffcac25a000 	C:\Windows\System32\rasadhlp.dll
0x00007ffcb15f0000 - 0x00007ffcb1669000 	C:\WINDOWS\System32\fwpuclnt.dll
0x00007ffcbec70000 - 0x00007ffcbec96000 	C:\WINDOWS\System32\bcrypt.dll
0x00007ffcbd160000 - 0x00007ffcbd193000 	C:\WINDOWS\system32\rsaenh.dll
0x00007ffcbdc20000 - 0x00007ffcbdc48000 	C:\WINDOWS\SYSTEM32\USERENV.dll
0x00007ffcbd770000 - 0x00007ffcbd77c000 	C:\WINDOWS\SYSTEM32\CRYPTBASE.dll
0x00007ffcb1a00000 - 0x00007ffcb1a16000 	C:\WINDOWS\SYSTEM32\dhcpcsvc6.DLL
0x00007ffcb19e0000 - 0x00007ffcb19fc000 	C:\WINDOWS\SYSTEM32\dhcpcsvc.DLL
0x0000000052170000 - 0x0000000052194000 	C:\Program Files\Java\jdk1.8.0_102\jre\bin\sunec.dll
0x0000000052160000 - 0x000000005216b000 	C:\Program Files\Java\jdk1.8.0_102\jre\bin\sunmscapi.dll
0x00007ffcbed50000 - 0x00007ffcbef2b000 	C:\WINDOWS\System32\CRYPT32.dll
0x00007ffcbdda0000 - 0x00007ffcbddb2000 	C:\WINDOWS\System32\MSASN1.dll
0x00007ffc8c290000 - 0x00007ffc8c39d000 	C:\WINDOWS\SysWOW64\ierd_tgp_lsp64.dll
0x00007ffcbf4d0000 - 0x00007ffcbf625000 	C:\WINDOWS\System32\ole32.dll
0x00007ffc9a6a0000 - 0x00007ffc9a797000 	C:\Windows\Netease\UU\uu_lsp64.dll
0x00007ffca91c0000 - 0x00007ffca93ad000 	C:\WINDOWS\SYSTEM32\dbghelp.dll

VM Arguments:
jvm_args: -agentlib:jdwp=transport=dt_shmem,address=javadebug,suspend=y,server=n -XX:TieredStopAtLevel=1 -Xverify:none -Dspring.output.ansi.enabled=always -Dcom.sun.management.jmxremote -Dcom.sun.management.jmxremote.port=51747 -Dcom.sun.management.jmxremote.authenticate=false -Dcom.sun.management.jmxremote.ssl=false -Djava.rmi.server.hostname=localhost -Dspring.liveBeansView.mbeanDomain -Dspring.application.admin.enabled=true -javaagent:C:\Users\Administrator\.IntelliJIdea2018.2\system\captureAgent\debugger-agent.jar=file:/C:/Users/Administrator/AppData/Local/Temp/capture.props -Dfile.encoding=UTF-8 
java_command: org.wzxy.breeze.CxyApplication
java_class_path (initial): C:\Program Files\Java\jdk1.8.0_102\jre\lib\charsets.jar;C:\Program Files\Java\jdk1.8.0_102\jre\lib\deploy.jar;C:\Program Files\Java\jdk1.8.0_102\jre\lib\ext\access-bridge-64.jar;C:\Program Files\Java\jdk1.8.0_102\jre\lib\ext\cldrdata.jar;C:\Program Files\Java\jdk1.8.0_102\jre\lib\ext\dnsns.jar;C:\Program Files\Java\jdk1.8.0_102\jre\lib\ext\jaccess.jar;C:\Program Files\Java\jdk1.8.0_102\jre\lib\ext\jfxrt.jar;C:\Program Files\Java\jdk1.8.0_102\jre\lib\ext\localedata.jar;C:\Program Files\Java\jdk1.8.0_102\jre\lib\ext\nashorn.jar;C:\Program Files\Java\jdk1.8.0_102\jre\lib\ext\sunec.jar;C:\Program Files\Java\jdk1.8.0_102\jre\lib\ext\sunjce_provider.jar;C:\Program Files\Java\jdk1.8.0_102\jre\lib\ext\sunmscapi.jar;C:\Program Files\Java\jdk1.8.0_102\jre\lib\ext\sunpkcs11.jar;C:\Program Files\Java\jdk1.8.0_102\jre\lib\ext\zipfs.jar;C:\Program Files\Java\jdk1.8.0_102\jre\lib\javaws.jar;C:\Program Files\Java\jdk1.8.0_102\jre\lib\jce.jar;C:\Program Files\Java\jdk1.8.0_102\jre\lib\jfr.jar;C:\Program Files\Java\jdk1.8.0_102\jre\lib\jfxswt.jar;C:\Program Files\Java\jdk1.8.0_102\jre\lib\jsse.jar;C:\Program Files\Java\jdk1.8.0_102\jre\lib\management-agent.jar;C:\Program Files\Java\jdk1.8.0_102\jre\lib\plugin.jar;C:\Program Files\Java\jdk1.8.0_102\jre\lib\resources.jar;C:\Program Files\Java\jdk1.8.0_102\jre\lib\rt.jar;H:\WebSpace\cxy\target\classes;H:\apache-maven-3.5.2\repository\org\springframework\boot\spring-boot-starter-web\2.2.5.RELEASE\spring-boot-starter-web-2.2.5.RELEASE.jar;H:\apache-maven-3.5.2\repository\org\springframework\boot\spring-boot-starter\2.2.5.RELEASE\spring-boot-starter-2.2.5.RELEASE.jar;H:\apache-maven-3.5.2\repository\org\springframework\boot\spring-boot-starter-logging\2.2.5.RELEASE\spring-boot-starter-logging-2.2.5.RELEASE.jar;H:\apache-maven-3.5.2\repository\ch\qos\logback\logback-classic\1.2.3\logback-classic-1.2.3.jar;H:\apache-maven-3.5.2\repository\ch\qos\logback\logback-core\1.2.3\logback-core-1.2.3.jar;H:\apache-maven-3.
Launcher Type: SUN_STANDARD

Environment Variables:
JAVA_HOME=C:\Program Files\Java\jdk1.8.0_102
CLASSPATH=.;C:\Program Files\Java\jdk1.8.0_102\lib\dt.jar;C:\Program Files\Java\jdk1.8.0_102\lib\tools.jar;
PATH=C:\Program Files\Java\jdk1.8.0_102\bin;C:\Program Files\Java\jre1.8.0_102\bin;H:\apache-maven-3.5.2\bin;H:\Subversion\bin;C:\Users\Administrator\SDK\platform-tools;H:\Git\bin;C:\Users\Administrator\AppData\Local\Microsoft\WindowsApps;;H:\Microsoft VS Code\bin
USERNAME=Breeze
OS=Windows_NT
PROCESSOR_IDENTIFIER=Intel64 Family 6 Model 94 Stepping 3, GenuineIntel



---------------  S Y S T E M  ---------------

OS: Windows 10.0 , 64 bit Build 17763 (10.0.17763.379)

CPU:total 4 (4 cores per cpu, 1 threads per core) family 6 model 94 stepping 3, cmov, cx8, fxsr, mmx, sse, sse2, sse3, ssse3, sse4.1, sse4.2, popcnt, avx, avx2, aes, clmul, erms, rtm, 3dnowpref, lzcnt, tsc, tscinvbit, bmi1, bmi2, adx

Memory: 4k page, physical 4076792k(327620k free), swap 11004328k(1655728k free)

vm_info: Java HotSpot(TM) 64-Bit Server VM (25.102-b14) for windows-amd64 JRE (1.8.0_102-b14), built on Jun 22 2016 13:15:21 by "java_re" with MS VC++ 10.0 (VS2010)

time: Sat Mar 14 18:26:19 2020
elapsed time: 18224 seconds (0d 5h 3m 44s)

