2020-04-09 19:42:10.666  INFO 16476 --- [main] org.wzxy.breeze.CxyApplicationTests      : Starting CxyApplicationTests on 肥鱼的计算机 with PID 16476 (started by Breeze in H:\WebSpace\cxy)
2020-04-09 19:42:10.670  INFO 16476 --- [main] org.wzxy.breeze.CxyApplicationTests      : No active profile set, falling back to default profiles: default
2020-04-09 19:42:12.995  INFO 16476 --- [main] trationDelegate$BeanPostProcessorChecker : Bean 'shiroConfig' of type [org.wzxy.breeze.shiro.shiroConfig$$EnhancerBySpringCGLIB$$ef1d44e1] is not eligible for getting processed by all BeanPostProcessors (for example: not eligible for auto-proxying)
2020-04-09 19:42:14.305  INFO 16476 --- [main] trationDelegate$BeanPostProcessorChecker : Bean 'mybatis-org.mybatis.spring.boot.autoconfigure.MybatisProperties' of type [org.mybatis.spring.boot.autoconfigure.MybatisProperties] is not eligible for getting processed by all BeanPostProcessors (for example: not eligible for auto-proxying)
2020-04-09 19:42:14.389  INFO 16476 --- [main] trationDelegate$BeanPostProcessorChecker : Bean 'org.mybatis.spring.boot.autoconfigure.MybatisAutoConfiguration' of type [org.mybatis.spring.boot.autoconfigure.MybatisAutoConfiguration$$EnhancerBySpringCGLIB$$abfc7849] is not eligible for getting processed by all BeanPostProcessors (for example: not eligible for auto-proxying)
2020-04-09 19:42:14.407  INFO 16476 --- [main] trationDelegate$BeanPostProcessorChecker : Bean 'com.alibaba.druid.spring.boot.autoconfigure.DruidDataSourceAutoConfigure' of type [com.alibaba.druid.spring.boot.autoconfigure.DruidDataSourceAutoConfigure$$EnhancerBySpringCGLIB$$92d41c8b] is not eligible for getting processed by all BeanPostProcessors (for example: not eligible for auto-proxying)
2020-04-09 19:42:14.421  INFO 16476 --- [main] c.a.d.s.b.a.DruidDataSourceAutoConfigure : Init DruidDataSource
2020-04-09 19:42:14.766  INFO 16476 --- [main] trationDelegate$BeanPostProcessorChecker : Bean 'spring.datasource-org.springframework.boot.autoconfigure.jdbc.DataSourceProperties' of type [org.springframework.boot.autoconfigure.jdbc.DataSourceProperties] is not eligible for getting processed by all BeanPostProcessors (for example: not eligible for auto-proxying)
2020-04-09 19:42:15.679  INFO 16476 --- [main] com.alibaba.druid.pool.DruidDataSource   : {dataSource-1} inited
2020-04-09 19:42:15.680  INFO 16476 --- [main] trationDelegate$BeanPostProcessorChecker : Bean 'dataSource' of type [com.alibaba.druid.spring.boot.autoconfigure.DruidDataSourceWrapper] is not eligible for getting processed by all BeanPostProcessors (for example: not eligible for auto-proxying)
2020-04-09 19:42:15.799  INFO 16476 --- [main] trationDelegate$BeanPostProcessorChecker : Bean 'sqlSessionFactory' of type [org.apache.ibatis.session.defaults.DefaultSqlSessionFactory] is not eligible for getting processed by all BeanPostProcessors (for example: not eligible for auto-proxying)
2020-04-09 19:42:15.814  INFO 16476 --- [main] trationDelegate$BeanPostProcessorChecker : Bean 'sqlSessionTemplate' of type [org.mybatis.spring.SqlSessionTemplate] is not eligible for getting processed by all BeanPostProcessors (for example: not eligible for auto-proxying)
2020-04-09 19:42:15.863  INFO 16476 --- [main] trationDelegate$BeanPostProcessorChecker : Bean 'usersMapper' of type [org.mybatis.spring.mapper.MapperFactoryBean] is not eligible for getting processed by all BeanPostProcessors (for example: not eligible for auto-proxying)
2020-04-09 19:42:15.869  INFO 16476 --- [main] trationDelegate$BeanPostProcessorChecker : Bean 'usersMapper' of type [com.sun.proxy.$Proxy81] is not eligible for getting processed by all BeanPostProcessors (for example: not eligible for auto-proxying)
2020-04-09 19:42:15.869  INFO 16476 --- [main] trationDelegate$BeanPostProcessorChecker : Bean 'userServiceImpl' of type [org.wzxy.breeze.service.Impl.userServiceImpl] is not eligible for getting processed by all BeanPostProcessors (for example: not eligible for auto-proxying)
2020-04-09 19:42:15.870  INFO 16476 --- [main] trationDelegate$BeanPostProcessorChecker : Bean 'myshiroRealm' of type [org.wzxy.breeze.shiro.myRealm] is not eligible for getting processed by all BeanPostProcessors (for example: not eligible for auto-proxying)
2020-04-09 19:42:15.904  INFO 16476 --- [main] trationDelegate$BeanPostProcessorChecker : Bean 'securityManager' of type [org.apache.shiro.web.mgt.DefaultWebSecurityManager] is not eligible for getting processed by all BeanPostProcessors (for example: not eligible for auto-proxying)
2020-04-09 19:42:16.199  INFO 16476 --- [main] trationDelegate$BeanPostProcessorChecker : Bean 'authorizationAttributeSourceAdvisor' of type [org.apache.shiro.spring.security.interceptor.AuthorizationAttributeSourceAdvisor] is not eligible for getting processed by all BeanPostProcessors (for example: not eligible for auto-proxying)
2020-04-09 19:42:17.528  INFO 16476 --- [main] o.s.s.concurrent.ThreadPoolTaskExecutor  : Initializing ExecutorService 'applicationTaskExecutor'
2020-04-09 19:42:17.766  INFO 16476 --- [main] o.s.b.a.w.s.WelcomePageHandlerMapping    : Adding welcome page: class path resource [static/index.html]
2020-04-09 19:42:18.650  INFO 16476 --- [main] org.wzxy.breeze.CxyApplicationTests      : Started CxyApplicationTests in 9.325 seconds (JVM running for 11.918)
2020-04-09 19:42:19.132  INFO 16476 --- [SpringContextShutdownHook] o.s.s.concurrent.ThreadPoolTaskExecutor  : Shutting down ExecutorService 'applicationTaskExecutor'
2020-04-09 19:42:19.134  INFO 16476 --- [SpringContextShutdownHook] com.alibaba.druid.pool.DruidDataSource   : {dataSource-1} closing ...
2020-04-09 19:42:19.148  INFO 16476 --- [SpringContextShutdownHook] com.alibaba.druid.pool.DruidDataSource   : {dataSource-1} closed
2020-04-09 19:45:23.453  INFO 11888 --- [main] org.wzxy.breeze.CxyApplicationTests      : Starting CxyApplicationTests on 肥鱼的计算机 with PID 11888 (started by Breeze in H:\WebSpace\cxy)
2020-04-09 19:45:23.456  INFO 11888 --- [main] org.wzxy.breeze.CxyApplicationTests      : No active profile set, falling back to default profiles: default
2020-04-09 19:45:25.318  INFO 11888 --- [main] trationDelegate$BeanPostProcessorChecker : Bean 'shiroConfig' of type [org.wzxy.breeze.shiro.shiroConfig$$EnhancerBySpringCGLIB$$88384e4] is not eligible for getting processed by all BeanPostProcessors (for example: not eligible for auto-proxying)
2020-04-09 19:45:27.022  INFO 11888 --- [main] trationDelegate$BeanPostProcessorChecker : Bean 'mybatis-org.mybatis.spring.boot.autoconfigure.MybatisProperties' of type [org.mybatis.spring.boot.autoconfigure.MybatisProperties] is not eligible for getting processed by all BeanPostProcessors (for example: not eligible for auto-proxying)
2020-04-09 19:45:27.055  INFO 11888 --- [main] trationDelegate$BeanPostProcessorChecker : Bean 'org.mybatis.spring.boot.autoconfigure.MybatisAutoConfiguration' of type [org.mybatis.spring.boot.autoconfigure.MybatisAutoConfiguration$$EnhancerBySpringCGLIB$$c562b84c] is not eligible for getting processed by all BeanPostProcessors (for example: not eligible for auto-proxying)
2020-04-09 19:45:27.071  INFO 11888 --- [main] trationDelegate$BeanPostProcessorChecker : Bean 'com.alibaba.druid.spring.boot.autoconfigure.DruidDataSourceAutoConfigure' of type [com.alibaba.druid.spring.boot.autoconfigure.DruidDataSourceAutoConfigure$$EnhancerBySpringCGLIB$$ac3a5c8e] is not eligible for getting processed by all BeanPostProcessors (for example: not eligible for auto-proxying)
2020-04-09 19:45:27.076  INFO 11888 --- [main] c.a.d.s.b.a.DruidDataSourceAutoConfigure : Init DruidDataSource
2020-04-09 19:45:27.308  INFO 11888 --- [main] trationDelegate$BeanPostProcessorChecker : Bean 'spring.datasource-org.springframework.boot.autoconfigure.jdbc.DataSourceProperties' of type [org.springframework.boot.autoconfigure.jdbc.DataSourceProperties] is not eligible for getting processed by all BeanPostProcessors (for example: not eligible for auto-proxying)
2020-04-09 19:45:27.673  INFO 11888 --- [main] com.alibaba.druid.pool.DruidDataSource   : {dataSource-1} inited
2020-04-09 19:45:27.674  INFO 11888 --- [main] trationDelegate$BeanPostProcessorChecker : Bean 'dataSource' of type [com.alibaba.druid.spring.boot.autoconfigure.DruidDataSourceWrapper] is not eligible for getting processed by all BeanPostProcessors (for example: not eligible for auto-proxying)
2020-04-09 19:45:27.823  INFO 11888 --- [main] trationDelegate$BeanPostProcessorChecker : Bean 'sqlSessionFactory' of type [org.apache.ibatis.session.defaults.DefaultSqlSessionFactory] is not eligible for getting processed by all BeanPostProcessors (for example: not eligible for auto-proxying)
2020-04-09 19:45:27.853  INFO 11888 --- [main] trationDelegate$BeanPostProcessorChecker : Bean 'sqlSessionTemplate' of type [org.mybatis.spring.SqlSessionTemplate] is not eligible for getting processed by all BeanPostProcessors (for example: not eligible for auto-proxying)
2020-04-09 19:45:27.898  INFO 11888 --- [main] trationDelegate$BeanPostProcessorChecker : Bean 'usersMapper' of type [org.mybatis.spring.mapper.MapperFactoryBean] is not eligible for getting processed by all BeanPostProcessors (for example: not eligible for auto-proxying)
2020-04-09 19:45:27.904  INFO 11888 --- [main] trationDelegate$BeanPostProcessorChecker : Bean 'usersMapper' of type [com.sun.proxy.$Proxy81] is not eligible for getting processed by all BeanPostProcessors (for example: not eligible for auto-proxying)
2020-04-09 19:45:27.905  INFO 11888 --- [main] trationDelegate$BeanPostProcessorChecker : Bean 'userServiceImpl' of type [org.wzxy.breeze.service.Impl.userServiceImpl] is not eligible for getting processed by all BeanPostProcessors (for example: not eligible for auto-proxying)
2020-04-09 19:45:27.906  INFO 11888 --- [main] trationDelegate$BeanPostProcessorChecker : Bean 'myshiroRealm' of type [org.wzxy.breeze.shiro.myRealm] is not eligible for getting processed by all BeanPostProcessors (for example: not eligible for auto-proxying)
2020-04-09 19:45:27.935  INFO 11888 --- [main] trationDelegate$BeanPostProcessorChecker : Bean 'securityManager' of type [org.apache.shiro.web.mgt.DefaultWebSecurityManager] is not eligible for getting processed by all BeanPostProcessors (for example: not eligible for auto-proxying)
2020-04-09 19:45:28.041  INFO 11888 --- [main] trationDelegate$BeanPostProcessorChecker : Bean 'authorizationAttributeSourceAdvisor' of type [org.apache.shiro.spring.security.interceptor.AuthorizationAttributeSourceAdvisor] is not eligible for getting processed by all BeanPostProcessors (for example: not eligible for auto-proxying)
2020-04-09 19:45:28.957  INFO 11888 --- [main] o.s.s.concurrent.ThreadPoolTaskExecutor  : Initializing ExecutorService 'applicationTaskExecutor'
2020-04-09 19:45:29.215  INFO 11888 --- [main] o.s.b.a.w.s.WelcomePageHandlerMapping    : Adding welcome page: class path resource [static/index.html]
2020-04-09 19:45:29.997  INFO 11888 --- [main] org.wzxy.breeze.CxyApplicationTests      : Started CxyApplicationTests in 7.922 seconds (JVM running for 10.402)
2020-04-09 19:45:30.376  INFO 11888 --- [SpringContextShutdownHook] o.s.s.concurrent.ThreadPoolTaskExecutor  : Shutting down ExecutorService 'applicationTaskExecutor'
2020-04-09 19:45:30.377  INFO 11888 --- [SpringContextShutdownHook] com.alibaba.druid.pool.DruidDataSource   : {dataSource-1} closing ...
2020-04-09 19:45:30.380  INFO 11888 --- [SpringContextShutdownHook] com.alibaba.druid.pool.DruidDataSource   : {dataSource-1} closed
